#
# A fatal error has been detected by the Java Runtime Environment:
#
#  SIGSEGV (0xb) at pc=0x0000000107d32d74, pid=13684, tid=18435
#
# JRE version: Java(TM) SE Runtime Environment (7.0_40-b43) (build 1.7.0_40-b43)
# Java VM: Java HotSpot(TM) 64-Bit Server VM (24.0-b56 mixed mode bsd-amd64 compressed oops)
# Problematic frame:
# V  [libjvm.dylib+0x332d74]
#
# Failed to write core dump. Core dumps have been disabled. To enable core dumping, try "ulimit -c unlimited" before starting Java again
#
# If you would like to submit a bug report, please visit:
#   http://bugreport.sun.com/bugreport/crash.jsp
#

---------------  T H R E A D  ---------------

Current thread (0x00007fe4fc00f000):  JavaThread "JDWP Transport Listener: dt_socket" daemon [_thread_in_vm, id=18435, stack(0x000000010faa4000,0x000000010fba4000)]

siginfo:si_signo=SIGSEGV: si_errno=0, si_code=0 (SEGV0), si_addr=0x0000000000000000

Registers:
RAX=0x0000000000000001, RBX=0x000000010fba3a9b, RCX=0x00000000000fc080, RDX=0x000000010fba3a9b
RSP=0x000000010fba3a00, RBP=0x000000010fba3a50, RSI=0x00007fe4fc00f000, RDI=0x00007fe4fa602590
R8 =0x00007fe4fa5286d0, R9 =0x00007fe4fa520a60, R10=0x0000000079873e25, R11=0x00000000f947a351
R12=0x00007fe4fc00f000, R13=0x000276697469736f, R14=0x000276697469736f, R15=0x00007fe4fa602590
RIP=0x0000000107d32d74, EFLAGS=0x0000000000010206, ERR=0x0000000000000000
  TRAPNO=0x000000000000000d

Top of Stack: (sp=0x000000010fba3a00)
0x000000010fba3a00:   00007fe4fc00f000 0000000000000000
0x000000010fba3a10:   0000000000000000 0000000000000000
0x000000010fba3a20:   00007fe4fc00f000 00007fe4fc00f000
0x000000010fba3a30:   000000010fba3a9b 000000010fba3aa0
0x000000010fba3a40:   000276697469736f 0000000000000003
0x000000010fba3a50:   000000010fba3a70 00000001084a21f8
0x000000010fba3a60:   0000000000000001 000000010fba3b18
0x000000010fba3a70:   000000010fba3ae0 000000010848702b
0x000000010fba3a80:   000000010fba3ab0 00007fe4fa60edc0
0x000000010fba3a90:   0000000400000032 0000000a00ba3b18
0x000000010fba3aa0:   0000000000000000 0000000000000000
0x000000010fba3ab0:   0000000000000000 000000010fba3ca0
0x000000010fba3ac0:   00000001084a9dc0 00007fe4fa720640
0x000000010fba3ad0:   000000010fba3b18 00000001084b5578
0x000000010fba3ae0:   000000010fba3af0 0000000108487124
0x000000010fba3af0:   000000010fba3d10 00000001084906b2
0x000000010fba3b00:   000016af00000013 00000000000f0200
0x000000010fba3b10:   00007fe4fa716e30 000000010fba3bf2
0x000000010fba3b20:   00007fe4000000a2 000000010fba3b30
0x000000010fba3b30:   00007fe40000008a 000000010fba3b68
0x000000010fba3b40:   0000000000000000 0000000000000000
0x000000010fba3b50:   000016af0000000f 0000000000000080
0x000000010fba3b60:   000000010fba3b68 e47f000004000000
0x000000010fba3b70:   14000000588252fa 73694d7473726966
0x000000010fba3b80:   69736f50676e6973 0500000065766974
0x000000010fba3b90:   0000004929495b28 7f00000900000000
0x000000010fba3ba0:   000000508252fae4 0000006e69616d04
0x000000010fba3bb0:   6176616a4c5b2816 74532f676e616c2f
0x000000010fba3bc0:   0056293b676e6972 0009000000000000
0x000000010fba3bd0:   00b88252fae47f00 0070617773040000
0x000000010fba3be0:   495b494928070000 0000000000005629
0x000000010fba3bf0:   0300000003000a00 49010000006e656c 

Instructions: (pc=0x0000000107d32d74)
0x0000000107d32d54:   00 00 00 41 f6 87 68 01 00 00 10 75 07 b8 63 00
0x0000000107d32d64:   00 00 eb 7a 4d 85 f6 75 07 b8 17 00 00 00 eb 6e
0x0000000107d32d74:   4d 8b 36 48 b8 fe fe fe fe fe fe fe fe 49 39 c6
0x0000000107d32d84:   74 e7 4d 85 f6 74 e2 48 8d 05 fe fe 4c 00 80 38 

Register to memory mapping:

RAX=0x0000000000000001 is an unknown value
RBX=0x000000010fba3a9b is pointing into the stack for thread: 0x00007fe4fc00f000
RCX=0x00000000000fc080 is an unknown value
RDX=0x000000010fba3a9b is pointing into the stack for thread: 0x00007fe4fc00f000
RSP=0x000000010fba3a00 is pointing into the stack for thread: 0x00007fe4fc00f000
RBP=0x000000010fba3a50 is pointing into the stack for thread: 0x00007fe4fc00f000
RSI=0x00007fe4fc00f000 is a thread
RDI=0x00007fe4fa602590 is an unknown value
R8 =0x00007fe4fa5286d0 is an unknown value
R9 =0x00007fe4fa520a60 is an unknown value
R10=0x0000000079873e25 is an unknown value
R11=0x00000000f947a351 is an unknown value
R12=0x00007fe4fc00f000 is a thread
R13=0x000276697469736f is an unknown value
R14=0x000276697469736f is an unknown value
R15=0x00007fe4fa602590 is an unknown value


Stack: [0x000000010faa4000,0x000000010fba4000],  sp=0x000000010fba3a00,  free space=1022k
Native frames: (J=compiled Java code, j=interpreted, Vv=VM code, C=native code)
V  [libjvm.dylib+0x332d74]
C  [libjdwp.dylib+0x201f8]  isMethodSynthetic+0x63
C  [libjdwp.dylib+0x502b]  methods1+0x10b
C  [libjdwp.dylib+0x5124]  methodsWithGeneric+0xe
C  [libjdwp.dylib+0xe6b2]  debugLoop_run+0x1ce
C  [libjdwp.dylib+0x1f132]  attachThread+0x4d
V  [libjvm.dylib+0x373996]
V  [libjvm.dylib+0x4ef257]
V  [libjvm.dylib+0x4f095f]
V  [libjvm.dylib+0x41a8e1]
C  [libsystem_pthread.dylib+0x1899]  _pthread_body+0x8a
C  [libsystem_pthread.dylib+0x172a]  _pthread_struct_init+0x0
C  [libsystem_pthread.dylib+0x5fc9]  thread_start+0xd


---------------  P R O C E S S  ---------------

Java Threads: ( => current thread )
  0x00007fe4fc010800 JavaThread "Service Thread" daemon [_thread_blocked, id=20995, stack(0x000000010ffb3000,0x00000001100b3000)]
  0x00007fe4fc00f800 JavaThread "C2 CompilerThread1" daemon [_thread_blocked, id=20483, stack(0x000000010feb0000,0x000000010ffb0000)]
  0x00007fe4fc003000 JavaThread "C2 CompilerThread0" daemon [_thread_blocked, id=19971, stack(0x000000010fdad000,0x000000010fead000)]
  0x00007fe4fb010800 JavaThread "JDWP Command Reader" daemon [_thread_in_native, id=19459, stack(0x000000010fcaa000,0x000000010fdaa000)]
  0x00007fe4fb010000 JavaThread "JDWP Event Helper Thread" daemon [_thread_blocked, id=18947, stack(0x000000010fba7000,0x000000010fca7000)]
=>0x00007fe4fc00f000 JavaThread "JDWP Transport Listener: dt_socket" daemon [_thread_in_vm, id=18435, stack(0x000000010faa4000,0x000000010fba4000)]
  0x00007fe4fb00f000 JavaThread "Signal Dispatcher" daemon [_thread_blocked, id=17923, stack(0x000000010f99b000,0x000000010fa9b000)]
  0x00007fe4fb81d800 JavaThread "Finalizer" daemon [_thread_blocked, id=12547, stack(0x000000010f6c9000,0x000000010f7c9000)]
  0x00007fe4fb81b000 JavaThread "Reference Handler" daemon [_thread_blocked, id=12035, stack(0x000000010f5c6000,0x000000010f6c6000)]
  0x00007fe4fa80a000 JavaThread "main" [_thread_blocked, id=6403, stack(0x00000001070df000,0x00000001071df000)]

Other Threads:
  0x00007fe4fb81a800 VMThread [stack: 0x000000010f4c3000,0x000000010f5c3000] [id=11523]
  0x00007fe4fb82e800 WatcherThread [stack: 0x00000001100b6000,0x00000001101b6000] [id=21507]

VM state:not at safepoint (normal execution)

VM Mutex/Monitor currently owned by a thread: None

Heap
 PSYoungGen      total 19456K, used 1352K [0x00000007eaa80000, 0x00000007ec000000, 0x0000000800000000)
  eden space 16896K, 8% used [0x00000007eaa80000,0x00000007eabd20a0,0x00000007ebb00000)
  from space 2560K, 0% used [0x00000007ebd80000,0x00000007ebd80000,0x00000007ec000000)
  to   space 2560K, 0% used [0x00000007ebb00000,0x00000007ebb00000,0x00000007ebd80000)
 ParOldGen       total 43520K, used 0K [0x00000007c0000000, 0x00000007c2a80000, 0x00000007eaa80000)
  object space 43520K, 0% used [0x00000007c0000000,0x00000007c0000000,0x00000007c2a80000)
 PSPermGen       total 21504K, used 2584K [0x00000007bae00000, 0x00000007bc300000, 0x00000007c0000000)
  object space 21504K, 12% used [0x00000007bae00000,0x00000007bb086140,0x00000007bc300000)

Card table byte_map: [0x000000010b588000,0x000000010b7b2000] byte_map_base: 0x00000001077b1000

Polling page: 0x00000001071ee000

Code Cache  [0x00000001084c8000, 0x0000000108738000, 0x000000010b4c8000)
 total_blobs=176 nmethods=5 adapters=134 free_code_cache=48766Kb largest_free_block=49912000

Compilation events (10 events):
Event: 0.136 Thread 0x00007fe4fc003000    1             java.lang.String::indexOf (70 bytes)
Event: 0.139 Thread 0x00007fe4fc00f800    2             java.lang.String::hashCode (55 bytes)
Event: 0.146 Thread 0x00007fe4fc003000 nmethod 1 0x000000010852c510 code [0x000000010852c660, 0x000000010852c848]
Event: 0.147 Thread 0x00007fe4fc00f800 nmethod 2 0x0000000108528c90 code [0x0000000108528de0, 0x0000000108528f98]
Event: 0.151 Thread 0x00007fe4fc003000    3             sun.nio.cs.UTF_8$Encoder::encode (361 bytes)
Event: 0.155 Thread 0x00007fe4fc00f800    4             java.lang.String::charAt (29 bytes)
Event: 0.156 Thread 0x00007fe4fc00f800 nmethod 4 0x0000000108527450 code [0x00000001085275a0, 0x0000000108527698]
Event: 0.161 Thread 0x00007fe4fc00f800    5             java.io.UnixFileSystem::normalize (75 bytes)
Event: 0.167 Thread 0x00007fe4fc00f800 nmethod 5 0x0000000108526e10 code [0x0000000108526f80, 0x0000000108527258]
Event: 0.168 Thread 0x00007fe4fc003000 nmethod 3 0x0000000108527fd0 code [0x0000000108528160, 0x0000000108528848]

GC Heap History (0 events):
No events

Deoptimization events (0 events):
No events

Internal exceptions (10 events):
Event: 0.149 Thread 0x00007fe4fa80a000 Threw 0x00000007eab274c8 at /HUDSON/workspace/jdk7u40-2-build-macosx-amd64-product/jdk7u40/hotspot/src/share/vm/prims/jni.cpp:717
Event: 0.149 Thread 0x00007fe4fa80a000 Threw 0x00000007eab275e8 at /HUDSON/workspace/jdk7u40-2-build-macosx-amd64-product/jdk7u40/hotspot/src/share/vm/prims/jvm.cpp:1244
Event: 0.149 Thread 0x00007fe4fa80a000 Threw 0x00000007eab27710 at /HUDSON/workspace/jdk7u40-2-build-macosx-amd64-product/jdk7u40/hotspot/src/share/vm/prims/jvm.cpp:1244
Event: 0.150 Thread 0x00007fe4fa80a000 Threw 0x00000007eab283d0 at /HUDSON/workspace/jdk7u40-2-build-macosx-amd64-product/jdk7u40/hotspot/src/share/vm/prims/jni.cpp:717
Event: 0.150 Thread 0x00007fe4fa80a000 Threw 0x00000007eab284f0 at /HUDSON/workspace/jdk7u40-2-build-macosx-amd64-product/jdk7u40/hotspot/src/share/vm/prims/jvm.cpp:1244
Event: 0.150 Thread 0x00007fe4fa80a000 Threw 0x00000007eab28618 at /HUDSON/workspace/jdk7u40-2-build-macosx-amd64-product/jdk7u40/hotspot/src/share/vm/prims/jvm.cpp:1244
Event: 0.152 Thread 0x00007fe4fa80a000 Threw 0x00000007eab8f818 at /HUDSON/workspace/jdk7u40-2-build-macosx-amd64-product/jdk7u40/hotspot/src/share/vm/prims/jni.cpp:717
Event: 0.152 Thread 0x00007fe4fa80a000 Threw 0x00000007eab8f938 at /HUDSON/workspace/jdk7u40-2-build-macosx-amd64-product/jdk7u40/hotspot/src/share/vm/prims/jvm.cpp:1244
Event: 0.152 Thread 0x00007fe4fa80a000 Threw 0x00000007eab8fa60 at /HUDSON/workspace/jdk7u40-2-build-macosx-amd64-product/jdk7u40/hotspot/src/share/vm/prims/jvm.cpp:1244
Event: 0.153 Thread 0x00007fe4fa80a000 Threw 0x00000007eab8fcb0 at /HUDSON/workspace/jdk7u40-2-build-macosx-amd64-product/jdk7u40/hotspot/src/share/vm/prims/jvm.cpp:1244

Events (10 events):
Event: 396.666 Executing VM operation: ChangeBreakpoints
Event: 396.666 Executing VM operation: ChangeBreakpoints done
Event: 396.669 Executing VM operation: ChangeBreakpoints
Event: 396.669 Executing VM operation: ChangeBreakpoints done
Event: 438.201 Executing VM operation: ChangeBreakpoints
Event: 438.201 Executing VM operation: ChangeBreakpoints done
Event: 451.106 Executing VM operation: ChangeBreakpoints
Event: 451.106 Executing VM operation: ChangeBreakpoints done
Event: 451.109 Executing VM operation: RedefineClasses
Event: 451.109 Executing VM operation: RedefineClasses done


Dynamic libraries:
0x00000000067bd000 	/System/Library/Frameworks/Cocoa.framework/Versions/A/Cocoa
0x00000000067bd000 	/System/Library/Frameworks/Security.framework/Versions/A/Security
0x00000000067bd000 	/System/Library/Frameworks/ApplicationServices.framework/Versions/A/ApplicationServices
0x00000000067bd000 	/usr/lib/libz.1.dylib
0x00000000067bd000 	/usr/lib/libSystem.B.dylib
0x00000000067bd000 	/usr/lib/libobjc.A.dylib
0x00000000067bd000 	/System/Library/Frameworks/CoreFoundation.framework/Versions/A/CoreFoundation
0x00000000067bd000 	/System/Library/Frameworks/Foundation.framework/Versions/C/Foundation
0x00000000067bd000 	/System/Library/Frameworks/AppKit.framework/Versions/C/AppKit
0x00000000067bd000 	/System/Library/Frameworks/CoreData.framework/Versions/A/CoreData
0x00000000067bd000 	/System/Library/PrivateFrameworks/RemoteViewServices.framework/Versions/A/RemoteViewServices
0x00000000067bd000 	/System/Library/Frameworks/AudioToolbox.framework/Versions/A/AudioToolbox
0x00000000067bd000 	/System/Library/Frameworks/AudioUnit.framework/Versions/A/AudioUnit
0x00000000067bd000 	/System/Library/PrivateFrameworks/DataDetectorsCore.framework/Versions/A/DataDetectorsCore
0x00000000067bd000 	/System/Library/PrivateFrameworks/DesktopServicesPriv.framework/Versions/A/DesktopServicesPriv
0x00000000067bd000 	/System/Library/Frameworks/Carbon.framework/Versions/A/Frameworks/HIToolbox.framework/Versions/A/HIToolbox
0x00000000067bd000 	/System/Library/Frameworks/QuartzCore.framework/Versions/A/QuartzCore
0x00000000067bd000 	/System/Library/Frameworks/Carbon.framework/Versions/A/Frameworks/SpeechRecognition.framework/Versions/A/SpeechRecognition
0x00000000067bd000 	/usr/lib/libauto.dylib
0x00000000067bd000 	/usr/lib/libicucore.A.dylib
0x00000000067bd000 	/usr/lib/libxml2.2.dylib
0x00000000067bd000 	/System/Library/PrivateFrameworks/CoreUI.framework/Versions/A/CoreUI
0x00000000067bd000 	/System/Library/Frameworks/CoreAudio.framework/Versions/A/CoreAudio
0x00000000067bd000 	/System/Library/Frameworks/DiskArbitration.framework/Versions/A/DiskArbitration
0x00000000067bd000 	/usr/lib/liblangid.dylib
0x00000000067bd000 	/System/Library/PrivateFrameworks/MultitouchSupport.framework/Versions/A/MultitouchSupport
0x00000000067bd000 	/System/Library/Frameworks/IOKit.framework/Versions/A/IOKit
0x00000000067bd000 	/usr/lib/libDiagnosticMessagesClient.dylib
0x00000000067bd000 	/System/Library/Frameworks/CoreServices.framework/Versions/A/CoreServices
0x00000000067bd000 	/System/Library/PrivateFrameworks/PerformanceAnalysis.framework/Versions/A/PerformanceAnalysis
0x00000000067bd000 	/System/Library/PrivateFrameworks/GenerationalStorage.framework/Versions/A/GenerationalStorage
0x00000000067bd000 	/System/Library/Frameworks/OpenGL.framework/Versions/A/OpenGL
0x00000000067bd000 	/System/Library/PrivateFrameworks/Sharing.framework/Versions/A/Sharing
0x00000000067bd000 	/System/Library/Frameworks/ImageIO.framework/Versions/A/ImageIO
0x00000000067bd000 	/System/Library/Frameworks/CoreText.framework/Versions/A/CoreText
0x00000000067bd000 	/System/Library/Frameworks/CoreGraphics.framework/Versions/A/CoreGraphics
0x00000000067bd000 	/System/Library/PrivateFrameworks/Backup.framework/Versions/A/Backup
0x00000000067bd000 	/System/Library/Frameworks/CFNetwork.framework/Versions/A/CFNetwork
0x00000000067bd000 	/System/Library/Frameworks/SystemConfiguration.framework/Versions/A/SystemConfiguration
0x00000000067bd000 	/usr/lib/libCRFSuite.dylib
0x00000000067bd000 	/usr/lib/libc++.1.dylib
0x00000000067bd000 	/usr/lib/libc++abi.dylib
0x00000000067bd000 	/usr/lib/system/libcache.dylib
0x00000000067bd000 	/usr/lib/system/libcommonCrypto.dylib
0x00000000067bd000 	/usr/lib/system/libcompiler_rt.dylib
0x00000000067bd000 	/usr/lib/system/libcopyfile.dylib
0x00000000067bd000 	/usr/lib/system/libcorecrypto.dylib
0x00000000067bd000 	/usr/lib/system/libdispatch.dylib
0x00000000067bd000 	/usr/lib/system/libdyld.dylib
0x00000000067bd000 	/usr/lib/system/libkeymgr.dylib
0x00000000067bd000 	/usr/lib/system/liblaunch.dylib
0x00000000067bd000 	/usr/lib/system/libmacho.dylib
0x00000000067bd000 	/usr/lib/system/libquarantine.dylib
0x00000000067bd000 	/usr/lib/system/libremovefile.dylib
0x00000000067bd000 	/usr/lib/system/libsystem_asl.dylib
0x00000000067bd000 	/usr/lib/system/libsystem_blocks.dylib
0x00000000067bd000 	/usr/lib/system/libsystem_c.dylib
0x00000000067bd000 	/usr/lib/system/libsystem_configuration.dylib
0x00000000067bd000 	/usr/lib/system/libsystem_dnssd.dylib
0x00000000067bd000 	/usr/lib/system/libsystem_info.dylib
0x00000000067bd000 	/usr/lib/system/libsystem_kernel.dylib
0x00000000067bd000 	/usr/lib/system/libsystem_m.dylib
0x00000000067bd000 	/usr/lib/system/libsystem_malloc.dylib
0x00000000067bd000 	/usr/lib/system/libsystem_network.dylib
0x00000000067bd000 	/usr/lib/system/libsystem_notify.dylib
0x00000000067bd000 	/usr/lib/system/libsystem_platform.dylib
0x00000000067bd000 	/usr/lib/system/libsystem_pthread.dylib
0x00000000067bd000 	/usr/lib/system/libsystem_sandbox.dylib
0x00000000067bd000 	/usr/lib/system/libsystem_stats.dylib
0x00000000067bd000 	/usr/lib/system/libunc.dylib
0x00000000067bd000 	/usr/lib/system/libunwind.dylib
0x00000000067bd000 	/usr/lib/system/libxpc.dylib
0x00000000067bd000 	/usr/lib/libbsm.0.dylib
0x00000000067bd000 	/usr/lib/libsqlite3.dylib
0x00000000067bd000 	/usr/lib/libxar.1.dylib
0x00000000067bd000 	/usr/lib/libpam.2.dylib
0x00000000067bd000 	/usr/lib/libOpenScriptingUtil.dylib
0x00000000067bd000 	/usr/lib/libbz2.1.0.dylib
0x00000000067bd000 	/System/Library/Frameworks/CoreServices.framework/Versions/A/Frameworks/CarbonCore.framework/Versions/A/CarbonCore
0x00000000067bd000 	/System/Library/Frameworks/CoreServices.framework/Versions/A/Frameworks/Metadata.framework/Versions/A/Metadata
0x00000000067bd000 	/System/Library/Frameworks/CoreServices.framework/Versions/A/Frameworks/OSServices.framework/Versions/A/OSServices
0x00000000067bd000 	/System/Library/Frameworks/CoreServices.framework/Versions/A/Frameworks/SearchKit.framework/Versions/A/SearchKit
0x00000000067bd000 	/System/Library/Frameworks/CoreServices.framework/Versions/A/Frameworks/AE.framework/Versions/A/AE
0x00000000067bd000 	/System/Library/Frameworks/CoreServices.framework/Versions/A/Frameworks/LaunchServices.framework/Versions/A/LaunchServices
0x00000000067bd000 	/System/Library/Frameworks/CoreServices.framework/Versions/A/Frameworks/DictionaryServices.framework/Versions/A/DictionaryServices
0x00000000067bd000 	/System/Library/Frameworks/NetFS.framework/Versions/A/NetFS
0x00000000067bd000 	/usr/lib/system/libkxld.dylib
0x00000000067bd000 	/System/Library/PrivateFrameworks/NetAuth.framework/Versions/A/NetAuth
0x00000000067bd000 	/System/Library/PrivateFrameworks/TCC.framework/Versions/A/TCC
0x00000000067bd000 	/System/Library/Frameworks/OpenDirectory.framework/Versions/A/Frameworks/CFOpenDirectory.framework/Versions/A/CFOpenDirectory
0x00000000067bd000 	/System/Library/Frameworks/ServiceManagement.framework/Versions/A/ServiceManagement
0x00000000067bd000 	/usr/lib/libxslt.1.dylib
0x00000000067bd000 	/System/Library/Frameworks/Carbon.framework/Versions/A/Frameworks/Ink.framework/Versions/A/Ink
0x00000000067bd000 	/System/Library/Frameworks/ApplicationServices.framework/Versions/A/Frameworks/ATS.framework/Versions/A/ATS
0x00000000067bd000 	/System/Library/Frameworks/ApplicationServices.framework/Versions/A/Frameworks/ColorSync.framework/Versions/A/ColorSync
0x00000000067bd000 	/System/Library/Frameworks/ApplicationServices.framework/Versions/A/Frameworks/HIServices.framework/Versions/A/HIServices
0x00000000067bd000 	/System/Library/Frameworks/ApplicationServices.framework/Versions/A/Frameworks/LangAnalysis.framework/Versions/A/LangAnalysis
0x00000000067bd000 	/System/Library/Frameworks/ApplicationServices.framework/Versions/A/Frameworks/PrintCore.framework/Versions/A/PrintCore
0x00000000067bd000 	/System/Library/Frameworks/ApplicationServices.framework/Versions/A/Frameworks/QD.framework/Versions/A/QD
0x00000000067bd000 	/System/Library/Frameworks/ApplicationServices.framework/Versions/A/Frameworks/SpeechSynthesis.framework/Versions/A/SpeechSynthesis
0x00000000067bd000 	/System/Library/Frameworks/IOSurface.framework/Versions/A/IOSurface
0x00000000067bd000 	/System/Library/Frameworks/Accelerate.framework/Versions/A/Accelerate
0x00000000067bd000 	/System/Library/Frameworks/Accelerate.framework/Versions/A/Frameworks/vImage.framework/Versions/A/vImage
0x00000000067bd000 	/System/Library/Frameworks/Accelerate.framework/Versions/A/Frameworks/vecLib.framework/Versions/A/vecLib
0x00000000067bd000 	/System/Library/Frameworks/Accelerate.framework/Versions/A/Frameworks/vecLib.framework/Versions/A/libvDSP.dylib
0x00000000067bd000 	/System/Library/Frameworks/Accelerate.framework/Versions/A/Frameworks/vecLib.framework/Versions/A/libvMisc.dylib
0x00000000067bd000 	/System/Library/Frameworks/Accelerate.framework/Versions/A/Frameworks/vecLib.framework/Versions/A/libLAPACK.dylib
0x00000000067bd000 	/System/Library/Frameworks/Accelerate.framework/Versions/A/Frameworks/vecLib.framework/Versions/A/libBLAS.dylib
0x00000000067bd000 	/System/Library/Frameworks/ApplicationServices.framework/Versions/A/Frameworks/ATS.framework/Versions/A/Resources/libFontParser.dylib
0x00000000067bd000 	/System/Library/Frameworks/ApplicationServices.framework/Versions/A/Frameworks/ATS.framework/Versions/A/Resources/libFontRegistry.dylib
0x00000000067bd000 	/System/Library/Frameworks/ImageIO.framework/Versions/A/Resources/libJPEG.dylib
0x00000000067bd000 	/System/Library/Frameworks/ImageIO.framework/Versions/A/Resources/libTIFF.dylib
0x00000000067bd000 	/System/Library/Frameworks/ImageIO.framework/Versions/A/Resources/libPng.dylib
0x00000000067bd000 	/System/Library/Frameworks/ImageIO.framework/Versions/A/Resources/libGIF.dylib
0x00000000067bd000 	/System/Library/Frameworks/ImageIO.framework/Versions/A/Resources/libJP2.dylib
0x00000000067bd000 	/System/Library/Frameworks/ImageIO.framework/Versions/A/Resources/libRadiance.dylib
0x00000000067bd000 	/usr/lib/libcups.2.dylib
0x00000000067bd000 	/System/Library/Frameworks/Kerberos.framework/Versions/A/Kerberos
0x00000000067bd000 	/System/Library/Frameworks/GSS.framework/Versions/A/GSS
0x00000000067bd000 	/usr/lib/libresolv.9.dylib
0x00000000067bd000 	/usr/lib/libiconv.2.dylib
0x00000000067bd000 	/System/Library/PrivateFrameworks/Heimdal.framework/Versions/A/Heimdal
0x00000000067bd000 	/System/Library/PrivateFrameworks/TrustEvaluationAgent.framework/Versions/A/TrustEvaluationAgent
0x00000000067bd000 	/usr/lib/libheimdal-asn1.dylib
0x00000000067bd000 	/System/Library/Frameworks/OpenDirectory.framework/Versions/A/OpenDirectory
0x00000000067bd000 	/System/Library/PrivateFrameworks/CommonAuth.framework/Versions/A/CommonAuth
0x00000000067bd000 	/System/Library/Frameworks/SecurityFoundation.framework/Versions/A/SecurityFoundation
0x00000000067bd000 	/System/Library/PrivateFrameworks/Bom.framework/Versions/A/Bom
0x00000000067bd000 	/System/Library/Frameworks/CoreVideo.framework/Versions/A/CoreVideo
0x00000000067bd000 	/System/Library/Frameworks/QuartzCore.framework/Versions/A/Frameworks/CoreImage.framework/Versions/A/CoreImage
0x00000000067bd000 	/System/Library/Frameworks/QuartzCore.framework/Versions/A/Frameworks/ScalableUserInterface.framework/Versions/A/ScalableUserInterface
0x00000000067bd000 	/System/Library/Frameworks/OpenGL.framework/Versions/A/Libraries/libGLU.dylib
0x00000000067bd000 	/System/Library/Frameworks/OpenGL.framework/Versions/A/Libraries/libGFXShared.dylib
0x00000000067bd000 	/System/Library/Frameworks/OpenGL.framework/Versions/A/Libraries/libGL.dylib
0x00000000067bd000 	/System/Library/Frameworks/OpenGL.framework/Versions/A/Libraries/libGLImage.dylib
0x00000000067bd000 	/System/Library/Frameworks/OpenGL.framework/Versions/A/Libraries/libCVMSPluginSupport.dylib
0x00000000067bd000 	/System/Library/Frameworks/OpenGL.framework/Versions/A/Libraries/libCoreVMClient.dylib
0x00000000067bd000 	/System/Library/PrivateFrameworks/FaceCore.framework/Versions/A/FaceCore
0x00000000067bd000 	/System/Library/PrivateFrameworks/CrashReporterSupport.framework/Versions/A/CrashReporterSupport
0x00000000067bd000 	/System/Library/Frameworks/OpenCL.framework/Versions/A/OpenCL
0x00000000067bd000 	/System/Library/PrivateFrameworks/AppleFSCompression.framework/Versions/A/AppleFSCompression
0x00000000067bd000 	/System/Library/PrivateFrameworks/Ubiquity.framework/Versions/A/Ubiquity
0x00000000067bd000 	/System/Library/PrivateFrameworks/IconServices.framework/Versions/A/IconServices
0x00000000067bd000 	/System/Library/PrivateFrameworks/ChunkingLibrary.framework/Versions/A/ChunkingLibrary
0x00000000067bd000 	/System/Library/PrivateFrameworks/CoreSymbolication.framework/Versions/A/CoreSymbolication
0x00000000067bd000 	/System/Library/PrivateFrameworks/Symbolication.framework/Versions/A/Symbolication
0x00000000067bd000 	/System/Library/PrivateFrameworks/DebugSymbols.framework/Versions/A/DebugSymbols
0x0000000107a00000 	/Library/Java/JavaVirtualMachines/jdk1.7.0_40.jdk/Contents/Home/jre/lib/server/libjvm.dylib
0x00000000067bd000 	/usr/lib/libstdc++.6.dylib
0x00000001071e1000 	/Library/Java/JavaVirtualMachines/jdk1.7.0_40.jdk/Contents/Home/jre/lib/libverify.dylib
0x0000000108452000 	/Library/Java/JavaVirtualMachines/jdk1.7.0_40.jdk/Contents/Home/jre/lib/libjava.dylib
0x0000000108482000 	/Library/Java/JavaVirtualMachines/jdk1.7.0_40.jdk/Contents/Home/jre/lib/libjdwp.dylib
0x00000001071ef000 	/Library/Java/JavaVirtualMachines/jdk1.7.0_40.jdk/Contents/Home/jre/lib/libnpt.dylib
0x00000001084bf000 	/Library/Java/JavaVirtualMachines/jdk1.7.0_40.jdk/Contents/Home/jre/lib/libzip.dylib
0x000000010f7cb000 	/System/Library/Frameworks/JavaVM.framework/Frameworks/JavaRuntimeSupport.framework/JavaRuntimeSupport
0x000000010f7e3000 	/System/Library/Frameworks/JavaVM.framework/Versions/A/Frameworks/JavaNativeFoundation.framework/Versions/A/JavaNativeFoundation
0x000000010f7f8000 	/System/Library/Frameworks/JavaVM.framework/Versions/A/JavaVM
0x00000000067bd000 	/System/Library/Frameworks/Carbon.framework/Versions/A/Carbon
0x000000010f805000 	/System/Library/PrivateFrameworks/JavaLaunching.framework/Versions/A/JavaLaunching
0x00000000067bd000 	/System/Library/Frameworks/Carbon.framework/Versions/A/Frameworks/CommonPanels.framework/Versions/A/CommonPanels
0x00000000067bd000 	/System/Library/Frameworks/Carbon.framework/Versions/A/Frameworks/Help.framework/Versions/A/Help
0x00000000067bd000 	/System/Library/Frameworks/Carbon.framework/Versions/A/Frameworks/ImageCapture.framework/Versions/A/ImageCapture
0x00000000067bd000 	/System/Library/Frameworks/Carbon.framework/Versions/A/Frameworks/OpenScripting.framework/Versions/A/OpenScripting
0x00000000067bd000 	/System/Library/Frameworks/Carbon.framework/Versions/A/Frameworks/Print.framework/Versions/A/Print
0x00000000067bd000 	/System/Library/Frameworks/Carbon.framework/Versions/A/Frameworks/SecurityHI.framework/Versions/A/SecurityHI
0x000000010fa9d000 	/Library/Java/JavaVirtualMachines/jdk1.7.0_40.jdk/Contents/Home/jre/lib/libdt_socket.dylib

VM Arguments:
jvm_args: -agentlib:jdwp=transport=dt_socket,address=127.0.0.1:58199,suspend=y,server=n -Dfile.encoding=UTF-8 
java_command: FirstMissingPositive
Launcher Type: SUN_STANDARD

Environment Variables:
JAVA_HOME=/Library/Java/JavaVirtualMachines/jdk1.7.0_40.jdk/Contents/Home
PATH=/usr/bin:/bin:/usr/sbin:/sbin:/usr/local/bin:/usr/local/mongodb/bin:/Users/xiangji/lenskit-2.0.1/bin:/Users/xiangji/apache-maven-3.1.0/bin
SHELL=/bin/bash

Signal Handlers:
SIGSEGV: [libjvm.dylib+0x524b25], sa_mask[0]=0xfffefeff, sa_flags=0x00000043
SIGBUS: [libjvm.dylib+0x524b25], sa_mask[0]=0xfffefeff, sa_flags=0x00000042
SIGFPE: [libjvm.dylib+0x4180e6], sa_mask[0]=0xfffefeff, sa_flags=0x00000042
SIGPIPE: [libjvm.dylib+0x4180e6], sa_mask[0]=0xfffefeff, sa_flags=0x00000042
SIGXFSZ: [libjvm.dylib+0x4180e6], sa_mask[0]=0xfffefeff, sa_flags=0x00000042
SIGILL: [libjvm.dylib+0x4180e6], sa_mask[0]=0xfffefeff, sa_flags=0x00000042
SIGUSR1: SIG_DFL, sa_mask[0]=0x00000000, sa_flags=0x00000002
SIGUSR2: [libjvm.dylib+0x417bd8], sa_mask[0]=0x00000004, sa_flags=0x00000042
SIGHUP: [libjvm.dylib+0x415e67], sa_mask[0]=0xfffefeff, sa_flags=0x00000042
SIGINT: [libjvm.dylib+0x415e67], sa_mask[0]=0xfffefeff, sa_flags=0x00000042
SIGTERM: [libjvm.dylib+0x415e67], sa_mask[0]=0xfffefeff, sa_flags=0x00000042
SIGQUIT: [libjvm.dylib+0x415e67], sa_mask[0]=0xfffefeff, sa_flags=0x00000042


---------------  S Y S T E M  ---------------

OS:Bsduname:Darwin 13.2.0 Darwin Kernel Version 13.2.0: Thu Apr 17 23:03:13 PDT 2014; root:xnu-2422.100.13~1/RELEASE_X86_64 x86_64
rlimit: STACK 8192k, CORE 0k, NPROC 709, NOFILE 10240, AS infinity
load average:2.17 2.68 2.29

CPU:total 4 (2 cores per cpu, 2 threads per core) family 6 model 69 stepping 1, cmov, cx8, fxsr, mmx, sse, sse2, sse3, ssse3, sse4.1, sse4.2, popcnt, avx, avx2, aes, erms, ht, tsc, tscinvbit

Memory: 4k page, physical 4194304k(1048576k free)

/proc/meminfo:


vm_info: Java HotSpot(TM) 64-Bit Server VM (24.0-b56) for bsd-amd64 JRE (1.7.0_40-b43), built on Aug 26 2013 21:29:19 by "java_re" with gcc 4.2.1 (Based on Apple Inc. build 5658) (LLVM build 2336.11.00)

time: Thu Jul  3 18:13:32 2014
elapsed time: 500 seconds

